{"/home/carlosefpaiva/Documents/Bootcamp/Projetos/16- SingMe a Song/singme-song/src/database/database.js": {"path":"/home/carlosefpaiva/Documents/Bootcamp/Projetos/16- SingMe a Song/singme-song/src/database/database.js","statementMap":{"0":{"start":{"line":3,"column":17},"end":{"line":3,"column":19}},"1":{"start":{"line":5,"column":23},"end":{"line":10,"column":1}},"2":{"start":{"line":12,"column":19},"end":{"line":12,"column":43}}},"fnMap":{},"branchMap":{},"s":{"0":1,"1":1,"2":1},"f":{},"b":{},"_coverageSchema":"1a1c01bbd47fc00a2c39e90264f33305004495a9","hash":"c253fdb7ab81d2249108978e8cce8cb4880f1496"}
,"/home/carlosefpaiva/Documents/Bootcamp/Projetos/16- SingMe a Song/singme-song/src/repositories/songsRepository.js": {"path":"/home/carlosefpaiva/Documents/Bootcamp/Projetos/16- SingMe a Song/singme-song/src/repositories/songsRepository.js","statementMap":{"0":{"start":{"line":4,"column":20},"end":{"line":10,"column":28}},"1":{"start":{"line":11,"column":4},"end":{"line":11,"column":28}},"2":{"start":{"line":15,"column":22},"end":{"line":20,"column":34}},"3":{"start":{"line":21,"column":4},"end":{"line":23,"column":5}},"4":{"start":{"line":22,"column":8},"end":{"line":22,"column":72}},"5":{"start":{"line":24,"column":4},"end":{"line":24,"column":21}},"6":{"start":{"line":28,"column":24},"end":{"line":28,"column":26}},"7":{"start":{"line":29,"column":31},"end":{"line":29,"column":44}},"8":{"start":{"line":30,"column":4},"end":{"line":33,"column":5}},"9":{"start":{"line":31,"column":8},"end":{"line":31,"column":35}},"10":{"start":{"line":32,"column":8},"end":{"line":32,"column":71}},"11":{"start":{"line":34,"column":4},"end":{"line":37,"column":5}},"12":{"start":{"line":35,"column":8},"end":{"line":35,"column":35}},"13":{"start":{"line":36,"column":8},"end":{"line":36,"column":71}},"14":{"start":{"line":38,"column":4},"end":{"line":42,"column":5}},"15":{"start":{"line":39,"column":8},"end":{"line":39,"column":53}},"16":{"start":{"line":41,"column":8},"end":{"line":41,"column":55}},"17":{"start":{"line":43,"column":4},"end":{"line":46,"column":5}},"18":{"start":{"line":44,"column":8},"end":{"line":44,"column":32}},"19":{"start":{"line":45,"column":8},"end":{"line":45,"column":64}},"20":{"start":{"line":47,"column":4},"end":{"line":47,"column":49}},"21":{"start":{"line":51,"column":26},"end":{"line":55,"column":5}},"22":{"start":{"line":60,"column":8},"end":{"line":60,"column":81}},"23":{"start":{"line":62,"column":16},"end":{"line":62,"column":86}},"24":{"start":{"line":64,"column":4},"end":{"line":66,"column":5}},"25":{"start":{"line":65,"column":8},"end":{"line":65,"column":67}},"26":{"start":{"line":67,"column":4},"end":{"line":67,"column":17}}},"fnMap":{"0":{"name":"addNewSong","decl":{"start":{"line":3,"column":15},"end":{"line":3,"column":25}},"loc":{"start":{"line":3,"column":49},"end":{"line":12,"column":1}},"line":3},"1":{"name":"addVote","decl":{"start":{"line":14,"column":15},"end":{"line":14,"column":22}},"loc":{"start":{"line":14,"column":75},"end":{"line":25,"column":1}},"line":14},"2":{"name":"getConditionedQuery","decl":{"start":{"line":27,"column":9},"end":{"line":27,"column":28}},"loc":{"start":{"line":27,"column":83},"end":{"line":48,"column":1}},"line":27},"3":{"name":"getSongs","decl":{"start":{"line":50,"column":15},"end":{"line":50,"column":23}},"loc":{"start":{"line":50,"column":63},"end":{"line":68,"column":1}},"line":50}},"branchMap":{"0":{"loc":{"start":{"line":21,"column":4},"end":{"line":23,"column":5}},"type":"if","locations":[{"start":{"line":21,"column":4},"end":{"line":23,"column":5}},{"start":{},"end":{}}],"line":21},"1":{"loc":{"start":{"line":21,"column":8},"end":{"line":21,"column":73}},"type":"binary-expr","locations":[{"start":{"line":21,"column":8},"end":{"line":21,"column":19}},{"start":{"line":21,"column":23},"end":{"line":21,"column":39}},{"start":{"line":21,"column":43},"end":{"line":21,"column":73}}],"line":21},"2":{"loc":{"start":{"line":30,"column":4},"end":{"line":33,"column":5}},"type":"if","locations":[{"start":{"line":30,"column":4},"end":{"line":33,"column":5}},{"start":{},"end":{}}],"line":30},"3":{"loc":{"start":{"line":34,"column":4},"end":{"line":37,"column":5}},"type":"if","locations":[{"start":{"line":34,"column":4},"end":{"line":37,"column":5}},{"start":{},"end":{}}],"line":34},"4":{"loc":{"start":{"line":38,"column":4},"end":{"line":42,"column":5}},"type":"if","locations":[{"start":{"line":38,"column":4},"end":{"line":42,"column":5}},{"start":{"line":40,"column":11},"end":{"line":42,"column":5}}],"line":38},"5":{"loc":{"start":{"line":43,"column":4},"end":{"line":46,"column":5}},"type":"if","locations":[{"start":{"line":43,"column":4},"end":{"line":46,"column":5}},{"start":{},"end":{}}],"line":43},"6":{"loc":{"start":{"line":64,"column":4},"end":{"line":66,"column":5}},"type":"if","locations":[{"start":{"line":64,"column":4},"end":{"line":66,"column":5}},{"start":{},"end":{}}],"line":64}},"s":{"0":0,"1":0,"2":0,"3":0,"4":0,"5":0,"6":0,"7":0,"8":0,"9":0,"10":0,"11":0,"12":0,"13":0,"14":0,"15":0,"16":0,"17":0,"18":0,"19":0,"20":0,"21":0,"22":0,"23":0,"24":0,"25":0,"26":0},"f":{"0":0,"1":0,"2":0,"3":0},"b":{"0":[0,0],"1":[0,0,0],"2":[0,0],"3":[0,0],"4":[0,0],"5":[0,0],"6":[0,0]},"_coverageSchema":"1a1c01bbd47fc00a2c39e90264f33305004495a9","hash":"4d58070a0fee051d1fdbe476f39025941f0376d6"}
,"/home/carlosefpaiva/Documents/Bootcamp/Projetos/16- SingMe a Song/singme-song/src/services/recommendationsService.js": {"path":"/home/carlosefpaiva/Documents/Bootcamp/Projetos/16- SingMe a Song/singme-song/src/services/recommendationsService.js","statementMap":{"0":{"start":{"line":4,"column":4},"end":{"line":4,"column":61}},"1":{"start":{"line":8,"column":24},"end":{"line":8,"column":64}},"2":{"start":{"line":9,"column":4},"end":{"line":9,"column":97}},"3":{"start":{"line":13,"column":25},"end":{"line":13,"column":44}},"4":{"start":{"line":16,"column":4},"end":{"line":21,"column":5}},"5":{"start":{"line":17,"column":8},"end":{"line":17,"column":22}},"6":{"start":{"line":18,"column":8},"end":{"line":18,"column":22}},"7":{"start":{"line":20,"column":8},"end":{"line":20,"column":22}},"8":{"start":{"line":22,"column":4},"end":{"line":22,"column":74}},"9":{"start":{"line":26,"column":4},"end":{"line":26,"column":55}}},"fnMap":{"0":{"name":"createNewRecommendation","decl":{"start":{"line":3,"column":15},"end":{"line":3,"column":38}},"loc":{"start":{"line":3,"column":62},"end":{"line":5,"column":1}},"line":3},"1":{"name":"saveVote","decl":{"start":{"line":7,"column":15},"end":{"line":7,"column":23}},"loc":{"start":{"line":7,"column":38},"end":{"line":10,"column":1}},"line":7},"2":{"name":"getRandomSongs","decl":{"start":{"line":12,"column":15},"end":{"line":12,"column":29}},"loc":{"start":{"line":12,"column":32},"end":{"line":23,"column":1}},"line":12},"3":{"name":"getTopSongs","decl":{"start":{"line":25,"column":15},"end":{"line":25,"column":26}},"loc":{"start":{"line":25,"column":35},"end":{"line":27,"column":1}},"line":25}},"branchMap":{"0":{"loc":{"start":{"line":8,"column":24},"end":{"line":8,"column":64}},"type":"cond-expr","locations":[{"start":{"line":8,"column":58},"end":{"line":8,"column":59}},{"start":{"line":8,"column":62},"end":{"line":8,"column":64}}],"line":8},"1":{"loc":{"start":{"line":16,"column":4},"end":{"line":21,"column":5}},"type":"if","locations":[{"start":{"line":16,"column":4},"end":{"line":21,"column":5}},{"start":{"line":19,"column":11},"end":{"line":21,"column":5}}],"line":16}},"s":{"0":1,"1":2,"2":2,"3":4,"4":4,"5":2,"6":2,"7":2,"8":4,"9":2},"f":{"0":1,"1":2,"2":4,"3":2},"b":{"0":[1,1],"1":[2,2]},"_coverageSchema":"1a1c01bbd47fc00a2c39e90264f33305004495a9","hash":"0ef0d16a0ab23118cea0b2fd26794d72a88c4930"}
}
