TN:
SF:src/database/database.js
FNF:0
FNH:0
DA:3,1
DA:5,1
DA:12,1
LF:3
LH:3
BRF:0
BRH:0
end_of_record
TN:
SF:src/repositories/songsRepository.js
FN:3,addNewSong
FN:14,addVote
FN:27,getConditionedQuery
FN:50,getSongs
FNF:4
FNH:0
FNDA:0,addNewSong
FNDA:0,addVote
FNDA:0,getConditionedQuery
FNDA:0,getSongs
DA:4,0
DA:11,0
DA:15,0
DA:21,0
DA:22,0
DA:24,0
DA:28,0
DA:29,0
DA:30,0
DA:31,0
DA:32,0
DA:34,0
DA:35,0
DA:36,0
DA:38,0
DA:39,0
DA:41,0
DA:43,0
DA:44,0
DA:45,0
DA:47,0
DA:51,0
DA:60,0
DA:62,0
DA:64,0
DA:65,0
DA:67,0
LF:27
LH:0
BRDA:21,0,0,0
BRDA:21,0,1,0
BRDA:21,1,0,0
BRDA:21,1,1,0
BRDA:21,1,2,0
BRDA:30,2,0,0
BRDA:30,2,1,0
BRDA:34,3,0,0
BRDA:34,3,1,0
BRDA:38,4,0,0
BRDA:38,4,1,0
BRDA:43,5,0,0
BRDA:43,5,1,0
BRDA:64,6,0,0
BRDA:64,6,1,0
BRF:15
BRH:0
end_of_record
TN:
SF:src/services/recommendationsService.js
FN:3,createNewRecommendation
FN:7,saveVote
FN:12,getRandomSongs
FN:25,getTopSongs
FNF:4
FNH:4
FNDA:1,createNewRecommendation
FNDA:2,saveVote
FNDA:4,getRandomSongs
FNDA:2,getTopSongs
DA:4,1
DA:8,2
DA:9,2
DA:13,4
DA:16,4
DA:17,2
DA:18,2
DA:20,2
DA:22,4
DA:26,2
LF:10
LH:10
BRDA:8,0,0,1
BRDA:8,0,1,1
BRDA:16,1,0,2
BRDA:16,1,1,2
BRF:4
BRH:4
end_of_record
